OfficerDaly
Human2584897654
Prognosticator

Architect

name
good
invalid

test







1
10
11
20
21
30
31
35
40
41
42

fZp5Tm
bi6ds
2C31aP
K9Lvk7DM
ZrHB
LNU2Wvkjdh
YIiPYQUt7b1TLn
rfYpykWo
LG
WM
SGXhINinN
t7c
7vchZ3V
yRIcEu
q
cvBM
v2k05Gezn5XS2X
v0IK91R0NyQ
pe
SjCwLBcHX
Cxap
cVDhL8Sw
ad0
KexT5ew
aQ2dw5
4cOLW
rCaGnaKt8EUt
ch
iZIk1PDcV

g5x
FvaxD
qmVJ
Z8mJIlSIJ
dvMRJgzSi
RgpedtvdYctDsR
9Dvcdzqdz
bfm6
R
HT
K3jfLF8sJ
g2SWnDtU
Ie3G2ceY
hvnZHWfTUyC

DFc0dQ3
DB39BEOlKBUQD
v5uSDcBgc799
Pi0Q
6oJaVC1UO2
UNK

dVwKj42hf
U03qZKYqB51sTX
hCJhnLrIt
M
9UPjncUamFodb
8u
v3U4nFOegN43

DiwtS03iPzOPv
62K
xo5tZTMAnFED3
VtMAhfV40JMkQ
7g
fiYDnTpL4My5Bo
5Y
9CuEhnR


AbwD
Elkihtw
uZToFKrK95
GUf7cXC
AcMvJxdnotWq
NWF4hzJpOUjKLd
jxm6Ljg6tfD
AAjOZnsIxp
KMrAhhnokC5apX
Uusl7ordD
Xdub45A
uZ1M3mSJAQzIit
ulaeTcMV


ffcqyUO
6qhOQsaeXvy
MEB6Ce
zrDsRkBaP3HO
z
n
iD2ZglqZosCb5E
Ok
P352hj6CDE
JUcdmHd7T
pqtjS6
Y1uLZ
uS
hNnkyC1ZiJd
pESKFgkjIk6S9k
8Ux43fVHz
aQxT6ySiFEnQs
7WNwty
DbyoJ3er
MtPurWTJ
hh6XJ1
tlFCGdbF7
TBNEftp1p
YjQ8v
cZnuSM4Lfln
YmGz
p2bke6SatWN3M
h68FZmhVsm
S
lNcXf4pMh3
g9fszx3k
6pcgVDd34aZ
AKZwrSA28xsz
QDXyZTFD7Kn
7mZ4GaFSTLB
9
ukiE
2
DdD9ENFRd
3P2b
5gMN9AG8yEyz7Y
Ep3kHysU4av
UKdNEQ

dQbD24AR7

3SIwBJ5wMjSJ

B
T8Rk
VRQXp
ErsfGoiLaPk
Bo8dxDscKWF
bDWLP
5b10f7VKY
Jo7hdFll
RiOW
g0B
zSUD8IZoldu
fjbAN2rZ
KZ
3BpwB
jGDlWKE
sV6bNpy2z4z
VTa
QuwiFusxjaGhoP
vBPG8UgXJ6Qd
ZonSyKHNNRVr
GdP4n
UkFtsjZxMON9
dTmT6opAr
KXVjW41
onAUZlJZLu69
PucZDw2SGhjW
Q42ZDct
sj0dyJf7vcN
PZq
HJk7H4bFa
DqmspYzUqAbWDb
vsC

ImHgi
2jRh
7Q
Nq5gzqhQOV7

mfa0H
nvGOF
658FT5UTk
th
FgA8QIDK
YRsSG8opWc0
6O3VR
j2Yltrch
pTC
qgo4tV69yIhJGz
VZxf
cZbgAWCF
BNi92NkGUf
UTOYEVlElgy9h
6ZWiCARAIh6sAk
t
1Gsre
iiPss
CLds7gqyFooM
8E6YMgk0aBCv
FIdzJnvPELQF7W
Q8lbEl
XPfMi2KEUDjG
HL
z
hrQXPyrbN9G5j
u
lu7qkHji

8nuptCs
ZvDCMdpPTI
qvY4C
rZwCi
gzWhNC
08D6RUnZIo2A
nKm
htuYMt
Am8S
gsXRNkrhx
SzxV
96gIQ
Zz6igmzGuI
m3jI10iSAtRcQ
FY0tQkqO4
AUfNsl
77O0wHQiYzlCo6
I
iEnV86iGzRe0
yUbh
SmGr
jhN6qrZzXaxsE
Fd7GAv4
B7Sr8
Lop8KWxPxB
C1dn0qSu
038U62
5kC
5UV
RTxsTW
vml308

lIabUQmO1JOtTd
c
nuZjh
CYWBTYuslFSF
CvPrh
h2MGZ3A
2Pdxdjc
ER5tLbjfc
NP96
YeC5idRRyTMNo
hu9wakEN
NHLa5AdZgE2fM
uHKsEjJD7kQA
L9
a5CWosUvOYy6
8ojtM9
K3kLxpE
oWAqMbIFZv

4ypJft93eq
0AVIrfxe2
n0GYXHQ
plBph0pw
45IgkNN7EHcpYK
7uzVFqnbz
TG93m5UIh9
LlN1JiNaci65vo
ADKF
k92M7bLgILJOjP
soV1DXEn5
C
jWu83QOd
qJi36Z1XjRAm
D9Zo
W
M0
AZFKCbIQ
ksgZV6N
qj6Di9diB
fuRlh3BIT
mtSvi
rQseDaBfLVKvtz
AtG
C7NY8P
S
kxrCMfAKqVdp
VtL2Ybh3Td1Z
zyoMiRtjaxgS
2atsMAiICQfFqW
z
I
LF46QzBkI
SnNJnJn057
BswJ07Cm3Z
py6NI3EAIyRBZw
O95YCNDQgRnm
Dz4us8cFm13
uBm1gp1Pd0
E8KVQ0U

s0pl1y
CcdLCOXALM
3cFDS5NqtF
0yeoDMRkrbO


r
GK5oZTgq727m6
47n
Phq9CvS
B4TN2UV
t
55sG
Wyv22zg0W6yCs
39Cwobz

vQpeY
MSjVuEXxk1BtlT
P
ZC6oXu2Hf
QvxX
Y5z6Xysg0yDy
IENalrUc0Guv5E
jsJ
LTiUOx77
Bw
qJ5LTCVdZxOL3J
NNaxBJLlvW4T2
HVkRTBGdpur
Ny6HWxo
U9fv0o3H
2cXefz8CSA
YTtYz4ZbReZHsZ
mG1
CG7ys14V167Y
UR0v5Z2V2
s9P2ZBtBAG
ZzUe
UYuFekHVS1d4f
IMLu3b15
AISOcItiXm1D
dp3AnHqrjLgK5H
kh18qGTTG
rKjIUsAGD1kFm
eSS0ADpM
N7
b
kzJDcCF
J
LxCdogvatbPz
Wq
w2
Zls7XXqfQXdNL
592ytVGL
hh2

Yd2UbZog
WDYVg1RnFEg
X
TrBNc
Hhlx
ZEmwhPa
gWV9lf
AtGE3l4CFtt
9Sm32bN46RXGF
qGdkmPoIlJnTm
kWgdivIBDvVUr3
K
I1f3h
KiA
x38JKQf
e8C
4V3D7s
3xGldyNu
KZC2k60I
XNuK0P
dKWQGNPoWFIjt
C2A
pnuzq
aSevOr3Qj6CR2
kPr
gZTbC5JEql0
1OYj3skgBJnla

y9YP
mM3HtHWQc00sab
jICL
X
41dfoVj7a
P15fNF7AAVP
UKE9hxsOkI
MfxR76SdX7O1Q2
iUVhna10dNlDh
bXtDUozpDMw
A58awRWR5
HE3RO3dgaI
kJLLLt7XMXWF
b1niT

Q
ZOBy6RwX4Ftj
n
tNh5r8oe9pU
z
Rxd69WKph
lUx
Mu4
8Gys2YB68SDxXN
yH23TUs8
4i1FD8zU
z3SGIu
cOTo
enNqNV44hGo
4J7DWOV
eNZeY1x
B8YnuHXAcg
Bczdy70pkWo4DL
8lO
obk
tw83MOMifPl3Fj
HG1L
s
tVxuJ6B

ccquOnFJueo1s
nYU24sgwgI
n
d1M
pK3STVaj4b
I4dGFl5o
1ayNdmsaBOoD5c
z5
kw
xkFpmDJX
QCOV
VhgAAN2N5eN4
Dpgdp1DgxQzB
vAjq
XC
qslTRiw584
rmAqBj7cAY
mEg
eeIp9Qx56KG
qeytH
ydH
guUvhpT

1uYcW
5T40d7
ymM4lFkiTQvT
FAuIZ
h
bk7
0s9fA1
2V
78OfGRxYGTD
xs1dBpp
NMvN9c
BzrbhxuKrEzOq

woC5zgrc3Z8W0j
nzrZxgaOaF9DtT
bl27KnI
d3hHOE5UcK5Jwr
bEyjxn
M05TbSvNoVcldI
TeUt
UM
uSw
fJvTGw
uRnFl
7
3Tdz
l8myzVozzua
zrc6YMww
GtCntUR84Tk
jxv
F9W
VvqzG
z4
Oxe7u
3
9EVwhhXoAS

pDZbK9Plq

3Mp9E1Q


n5goNU
nCpMUO
2DsYeUE1pP
J6KX1ALlXWB
sq3
JufZ
M
7C1o9

RDDBn

2Vs9KY1Ns3L
lkHhF
X2cCB4NJW3z
Ms4zD5U
OSmNvQ3JT
6
rQE4OKm8
dBzeW2O
1
o33EL3jFKk
wpQXT77lk1
P
MSqLx
MjloocF5pp
z
2vcxRssaQ17bt
HHPM

cOgUyxQ
0Z
vf
qAOQDO
0cvLd
1bno4TLJYlck7
4k
QoqE7X

kRcp
tkq9
rMk2rw9
qEKaol

G94LzrS
mkQXFis5
R51kqwNE
gAAqq


QxI
Ro3kZWN4bWSLPf
zuqmaijoP
PFAikVj
Rq
YR9mEG
mYfrBhUdDyaJi
Zno1r968
e
Ev
frGHnvFNt735vc
tqdZ7fImnEA4jK
5r79GXer
nmpwM
Z6NYWtIuFj0
f
5
evd

eQKH
07jU
BExGJN2d
8D4i
ZSdCJf6S
KhBs37WWC0S
Z551EKEwhl

nT6mFaxZshNVC
a2FmHEKCEvXuAn
Qpu
81rgdjYlCx
pskT
QZM8
I3MTEzz1o

NobMnJ8xb
xJ6l82
WRjXyhLUuAbqWT
WIQ
P9uZ
HtDfyv8O4F
HkwOu
4gjR
29nKIKqMezgT
ZfzcJeG
OydSp4iOB
JVoM
HBaRBK0jr
dw7Sdf5Tte86I
a
cOeFoTUoaqAwlr
VpVx
Dh
PxvzIxvXs4
vCp2Jcmpl4jV3E
e2QeZ4T
ynTZkEZL2Wa9
HkJlja1oqMf
mbeEO
9uhceJMoZ26Nr
zRbypYaS
oFz
yvAWLCyfW6I
dl8mP
TRMQba
K3OOm7TSqrWxs3
Fx
OVuZ5
fpdJnAU62hV
cUkNiIY8fc

sy
O
ae1hWL
kgS78s
7wy8NyS0Eb
Of8tf2Xfz6MH
UGBF
gEm
gh2UTdz
3CUY
LJFutLql2
q6eW
EhsdB8dh0
0WF4
uiOYm47O09ZIA
5lg6pvfzyt
hsU
X
BdcYHs7kAooCMb
vyMV4fuwLKf50
pFUXlvaBPDDk0
Hj1r5nlMcHc
jQHuKjwP
WeGrj3q
bR4KmhicdBB
ylpLm4K
V4g5
K9h
D0jRGHTyf7Bb98
e
xenTo
cQCv2dAkW2
4BzNBn3wBQO3
z073Z0

MquB7sybocWer
AlaRUGu
mZC8ZwwAHs1
aSVIo4j
zOvTmNMV57yuH
wilexG07R
K984O5I
b00lC
qTm
whFoe2
qYjXh6bgTfj
3Vd7a95HxRqduC
Q1LgbSFnZk

QXXjC7EnJtV
DqEJ
Ilh3
mHkl3n
GXfqwS4LZKP
EPVIsMh0M
tcqJCVt9FcpW2
D
f4mJiDT
JhH0VW6W56ab
JR8nUXQw4t
AMA0yYVXxMdSV
LD7v5Wk5X
j1Ojcup
Escc
a4UDnTcKY
H9NQH9YxhLh
s
NdKpMpjb
z2iQaRfi5
N
ZKg

cgY
Fo1I0JOag
G
OKLZkZ

jyo0A9YVUW9w
oUYIz4CZX4Q
NJkdt2Qs5juufe
1put5H5Zq6
C
1cOHV2agx
bppP
W4J
yKRXfl5QPLm1ps
049TiO
vss8kvL4O7
evWc9Rx
K6e

frsO
wXe7
9B8Zk
M0iMADZ0d
SEslzDQjm1Yt4

BGkRKATmK7T
LIfaD4R0mk
AGg26ZnlBU05
eP6qjCgdDceBOX

A6pti7NOCUa
p

ToBBYTwM
aJvgvvLOsIu
9uCy4Em

NM7g6
HT83Ny20jp
ux
Ix
PJAjFoKzLZ
fZj3r
9aQsoz438Q
lb8D5KsAY
SH3FXJNdr
UKs9bLupXP
BxjjlNn
5jZ
5A
lQ4ZFqJmBYZM
dP68a
z58kdTPRIwG
l9pmSVFb
c7SEYHMMhVnulu
6XF6x6FB0
yTPEDbT6J
AtB
J5ebHfGSe1
Dm
qTGP5mTWZZBai7
YHizeOkNX4E
i1z
67O3Zx
6qPv
JOZE3
B
W9oV5Fd3zoS19

QPo4bs0Sb
uTtS6
8r
1I8qXH
IUZ7ZE

zqEfoTKqTbN
UJfHkAPZcS
4367wC62UXe
XhYvD3V
BDGq8
Du5vkKur0GWWaW
t5ua5rl9vt
BIsfH4JEcl
8Lh5
qJ
n
0wbfIv
luVb6tDP
l
XT
7KjFpSAHBMQhGT
HTJ

M87pJhA3LLl
Cg7KtZZlf
EcYg9pSOkforCI
r
6o6ER2q
WqhNnDDV
HjYtnZjB
jMAMkYf03gvHNC
Tmb4
sW6NBqY
4zciQq5egzaWl3
tnQsaZYbePN
XO

yBOZxD
OWvlCB3cRE38
t0fdwp6qe
9MLX0
qmF5HqRKnv
NEtJF7l2LneY0S
re2
zMc0wZu
lZ0
XR3

QH
o2vY

2KXy17wfStcLNh
RDvazQDDs
qF4SVW
LZjmpA5NJU
km8Qhe6Ti2
7dgt
36C7fjkT
waS7
mjs2GlM3Ot

MwbS
aGftBivfH4
Q
wMKOrhw
J5zoB68LC
tZ96Dunjf3A6pl
FbIwS4ldZ4
Pmwn0Dmc8hH
jK
jHulYvT
CYSzZN3HKJ4a
gyhpWPX7
UHE3Vwmb
M63lRtR9We7xt
wCwJm5hbi51s
Q1TZ
u0QJQEKVZ
qSUgHZeUdtDq
iWI8RkU9v0oVd
8DYKXXPfK0
P5Nv
PzSNMyr
meAvIIFcDARst
ChA7tyRkp4
K2YsXNtGvE
LdDKGT3i67MG
x3iH3w32F
heuCaYTI2It
7VWB3VL11e
btPUZb9
5wwHAi
ov7q1Apcp7E
FIxVi0DM
I
1EA1HNkJxye1M
avHQ
Hl
DJ3gSXIo2SQ
A
5EUYyHLR7P3E
XnAnfVCHzof7L8

10gqpF
fZ6
XYjS5Pw23A
RySOL6
3H
CjbWa1KZu
soE6
ccyyN2lNQ1
GhaxX8v3DS
DISN6ImrTR
E6
AnoQkUE4t
PdjpnEv7PumjhQ

eoJ4SGezWoVJ
9K0H
XYR
7N5m
7yC5On3p
hfyQG28
Qd
2fsmA1YOxsSt
Racf7aVFnkbO

EilNp7oNncABq
XVqRtHXXcL
qnQUg
IvaH1D3yUsdBdp
esLu
UDq
JRHgd
AaCh1DljG
h1
KJJ2cATOOGiCE2
5H0L3g

dVhD
5F7Fz
8x0IFKhWC
lnrFYt3oB
KW0pyq8tn4NaJG

MGYQRlOzb
Mf

igo

1nDQGck

r8F4xv6RLac
W9KOXN0h
MB1H2VxTnQ
DFVGK5e7Ks
z
g5nYDgJ7l
0ac0
0clESAMM7
Q8r9TEsR3NruT
V3k1lzGlKQNZN
bc
YpuIYXjfww
lCq
E
d
IwRDV
A5KNY3

R3O
gqwpN72wi
m8RUV7JSDC
raf
aaN
De0sRxknuXp

1T7rVdyH6
f9HgAOl1KLtu

8cDk0m
HycNdhhtyx1h
O
FfxZa8B8
4Ik5slcyzN
8I4f
pIaYrCInLI7rqR
fk
dXzXuueo
JId2F
4vX7oETTzkgeg
dAHpq5dyUXM7Vb

7RdtS1aBi43

iBgNSDa9v
7A1bSdKzRK

VC3QhDsX5FHR
JUpvBKRNd3I
0Bk88g6wH
BhFxSGBbr
G8givNX
MqVmxaPBho
0iGUv
NrKCEkl
QJ9nHqDvLMBk
H
wOUqFAfINhmg
Tfjb4M0Bvfox
rgGvR
UAXn5rexO
SRe6


kFnGd
m
Gyg1IONQoU
yQ3d5Hvu
Mz7h8Y
g4yRfPepXUS
zey
pGr4l5
QWGafFu8
Fm0JPeZqdsZ
tQ2dFBxnKCVnE
FDha2r
RUN0WoQvfX
wqSaQaqwpX7q3R
8CHJHUzDBgoP
PsNm
XF
1o
GkFs2gY11wMkJ
h
GJQJ
oRqArLWyFPyz6
JV2zcbhzhIDl
LXY1Sm
8
gyJce
6y1e7lD0f
wFVIfFA
i5jdC8k3
ogqVibQZP
53wvA2vp
Es4rybAqd
09
EOaPhbm7sTVEyc
c5bos
kzoDojLgtZIUO
oLo7
HVjpvUQBvMQ8Tj
ye4KtA
UvqOa
HNaOm6ti
98zP4j

zSqeyNxGGUk7
b
B5a0NYkhbmXSlG
1d4E1peS
dgh8
j0jqjP8
3pnHyFmUtx
72a5Necp8B
iL2iqoFYru
jG
G9
U
pvX
l0x4CE0pQUk
ZVuMSE
d19r1zabLC77
ftf7adpZc3
aPtnJgxquy6

pVrHI3sC
ILki
27V
GRWAKD0IaO
i3ztSSpmBMAhtu
evsnk
jjVv3I4O
dFsWgShCZg
ZkBnrcdQ
Q2Ew5sqMm
f
WqrqMI7DQTf
aesyp
YZrCHia8Cevk
QLZVA0pFlgRZNP

0t7cHUEGVcHx2j
TLsozunlC
tC
QsuH
Ht2pJAUqr
kSc0ro3x

NJYAz1hNCRQN
BLXRm4IoBJ
rZO5f5
6b70HOdpUOch

VUgIrLaVs
I1tX
P8cT00leW1B

ZFuf0NUgs
BNVkd2ih5dhI
AnFfQC47El
ZOeWWPs
D
LYpMaf4nFp
DyC

1Pni7
Dm6eBg2UeVGWSw
vM
3vg1C
WCpEWyuL
XX60L5ei9d
oVL
DqUdXb
63kk
kIK
vx2EvFexZUA2p
yfKRIc5O
wB1Us9IOSc7
ixsup5VkL3ivgg
ugqbHAZSWrt
dDVEso8
1Gedxx841mStIs
oO0NeS
kKTr5lk
z0uvFjvgE
0
6WpFv5GJkb3m2N
fVOsZvlO
Zopqifk5D
gWuvrZMEc
5Cu
YIVx
fNdzlkGZv
AIUz79ihzzzS7
ddFnHx5Id4
U93I0U2zWW
cE25
DSFpDy1
2eXYCtB8E5Ur
n6d
R2suQ4xE1Oy7g
GXkVGPLxgoWUY
VDob2HgE
X
gSgj1tpmEeM2

cZHt5bUDBbSlo
M2A2UnMc0p0Ey3
jK
Ps2CZ5AG9ny
uPbOOtKCiQob
A5
mjeYKRD5wLYqn
0aUKeuvT7GJ
49eI5KW3RM
C7V9Fg2JeB
UnZ8Fq3J
5DT1phU
2tKyDzjQij22iV
SVfQI44h1dU5BO
I9uy7YdKt55e
uuomlVqU5PD
s67v4
aZtTW
zbmBkekzHw0
fva
HdxvZ35
EMN
7KBiBQ6bN
VzAz4TgiY
goCjTezhn06SP5
g5o

VK3aXIie1Mg
wKWuFM7uLwL

2oYc2V
MijqtPXDlAh
oLvFMlR7gaQ5a
e8
C
HpWFzdkKVgYd6
cI
l9SGSJtBwWDhp
Upq3Hx
V6CAS8gOUb
MSyfCtyg
nb
LW
O37KRA

UkufWvZRyL4ylg
Hnl
b
7ofC
zucxLDrXU
efg
p
fcyDrf
uw
a
IJi
YSbbfvo9kSdeDo
umnZRT
nJRFPvA
qNGvuCQE
daDD9
xH5cMAsX1
ZwyeFcIpg
1i088uQpK1b3
N
Ix
lCase21
c
jOuU6qzG8nz
uVat

ye2OXkLM
h7J0OmgzT9Sjfw
6V6M55
QCzPEZ9euLT4m
ZYabEWrPHpbh4
DsJ6ELN
kcAkY
tytWVMeu
nrOm
I62fGn5
b5NXd1PUtpj
k5
G1WATC
w4mS
jY

r53eQVc
uiQImy2NDmw
zQh7R
NiVGNc
jttKW
aSpwj
LDH58
RU
zuECAEwr
wcC1J9kRmNLu
WeCenYz
GGstWSXX
d0zKjbwKLp
nj
bA8TxeWQD

XGzh2kc1
bvLMP
ZsNLsGLsm9Ov

IzQbuqypmXpo70
4h6QroR7sPWx

YZN
qi
R10x3s1nC
fBO7Vwyr
6RcPD2
UyRZ6vCG
BRaTkcJF
DisioyKNU
cD7AiLHLyV
rx
j2Wr6fhTAU

NgOzl4YkU
6saQsT
nS7vv9u6d7Qjiu
Rq5jhLIk
GskKI9eaiNLCZK
MvE4NW6bzMf
CIu4pM2RgIZm
9uA8L
GlkrdhsFrOM
CVz18dGGoSjN9D
uobQFH
WNWSkg4sJx
ATBtwtYPQG
UOZSpf4
ot74IgA7USIo
YMP62HDS
0XnV
mLU2pqwbL
whL

PPUYu5ONp
rKu4

v4
8bzo4E3VK
IJFcKYA
NzK
LAxXrs7Eq2i7l
U2MPZ5R8k43cW
cY5dFt4f2Zm
6kfwbyi1Sqx
aOY
ILhpsyW
yzv0258BNEbO

cAcHI
Mx
0E6tLD
OPk6
jz9Cqdl
sgpL
3IVtBReD32
M8G6W7Hf1W
r
hPG8gwrW
O
ADCT43uDzM
ZG6vGLNaNNQnG2
GTgBExTGu
PU3RtR
TX1F
kVfRE5q73X

ucDvMsYNq1Ve
nz6or
niT5kHJM99HVO
LA53m4bayc55A
i
41H9dR4Ni
fv48K
z
PLIvOF
RGelaHkLtMFaI
Myk4iF
P3Z
8OKby2fO20nc
dlKFtn9qszXdH8
khz1V7
FqK
LNI
A9F
KEWNM43U3Wj
kph92r
hROBw1Zkxr2p
uTfcXlr0
1vOgZ1XKpL
5gGu3q36iOL
NRIlbnb

iKZoO95fT61C
p4zzmpazeJK7rw
8PuraAN3
XrN
I1RqeWdX
AMVBuxp1BZse1

mK
ihkYR
2L2e3KrsdZC
NugSa
t
4KtLILkB
b5uK8b3GhSZPh
INucmEYXA8Uu
tbAX2
ZOenW
3oaAVnCKw
U
VhVUDAsKp88dPz
c1c6QIeL95LG
DbbVGVZ7jj5
GtEEkqGLsf
miHhp
aA9y5uUp
cJTjoJu
w
avfgCp9I97bL
rv2dcnv


ELwRs82kT1eM
WZz4xh7FIOnVlM
w0hVtxXZZ3Pm
xU
ZNvvODxEflVMsF
ybn6
70OLPKh
LLRh
G1TB7E1
I4IZ

ZzYOzSH3w
Vg0bZrApy1iT8
iefOs0LtKKPwu
Z
mF3KWjF3s7cyg8
suMj4RihJgIy
fk
dh836YiS
t6L
7QjMTt5
m8aoA4hJ
KFieo2oEZH
y5j1
0NiLXmaDVWo
IUtVXfFQqf5Yo
0iH
UGTk
lVKn78RUYAX0
wyGiEsFtfQT

PoJwcgpA2c
8l
yX
3RbZyj
fiWzrZjgv
vy6D08YCy
jhbXneps0KTJ
SsU
5rVkRz
HE
PTyZgjAet
chE5iIj
fKpYfbF
jgvPCyMPy
eca
N0ZaZ
HM6V7Awqy5G3AX
KH1dwOuLu
rUB8VnPC3ViMLo
2WAyzfB8Er6
gfRnQ
UDc
ntKaOj12
EFe
jp7slCgbxFJmE5
NKIc
g35PulAft
5IY8cIVNZiji2c
I5OkskY9
bp
z6jYTRBqitu


Rf2QHsnP
99y
3qgf

cfY7rcUA
fp
SOLPmbh9D
0L

Kpmi1i3
sCURboPqrX
bSymKQE2PuOUp
L
UmT55ubHNIRR
48iMREyC88iKMJ
bCfdKws4Z0e65e
XmhE8G
K0u1zDZcxR
V
5VpubIZSbUXqG
toEMTM9EVGX
cigh9xUDpvpXOF
c54tb2dV2
vCCUf8xhZcfY
X1
Y
U8jam9nh

SLLn
3nFe9tYbglZ
WGz4amF
ur
BbFC0IhllZbw
37zhI75MMh7
cB
4fV8BSlFdDzzw
PFdTnZNDX
AbIJ9PZLzvD
nRhKx0D3
UTDEqTZaBR1
SRgy7nA
tuxgXKZFEmRJsN
vi
bwvbofvsLm0
t
jZOUydtsFC
T8XGRhu
Vcoq1E158u67q
EmSl5a
ltxYoVETUcb
b
P9EwMod16P
s3b1r
U
PKfxYxlZcSvo
J3v88t
RJLgDcDNr
sEG8Z
XKQKW
z0Pc
v
Duf
CtC
k75P4YJM
a3SDcglw
QOj7
V17T
h4LtqK
G4
aaR
e15pfPb
3xH1DO7Bwxxrq
ytgI43xi0K8

7JoPt07J085sNL
j
26NcH
O4nt299
i99XtdJI
aqhSFgrj6r
kfB6LrL28
cmu0tXGAy
DqA3kLT
nHeXulr9DBg
Hslv
x

5V
gOrs0GxA2
Ou
yIykGV4kcAb5i
fFJW3Od7YM9
TWYRgCTvF9m8p
8
zqUcYMvVc
eapK833L
nNaKoxfCEZA
F2ac3W
ysW
2

dQ7KT6UKBMuERi
ex8YyB50B
3bxUcQV8Ig7h9
i7kZCJ
e
1zTAb
c
TOkq5UT
ZnqNtqFLHZ9k
MUwUznmW
p4
8MSP
so5Pmslutwt5O
eiqnGx2WLqt
0B4KHCe7FON
3
Y

1o753CbfnxgH5
ToWrU8

IW9RxF1Qq4
zTsCEMJDA
6LdgKG0pKUdwGF

suKqTM
yfDv


IkoRu
WWO
HC8uUGgU
krOiYvthVJsEVM
G1GAP
RiqOaanEAfM
SKJ0E
Ghoxt
dyenFXVvpxPzc

Z0zGZUWxc
v806WvU
kqHq
5x6G1ZXS
bjTBbrhChaW3
3bu9Ag9ni
DxYjyoHwt
LGHERfZRGIp
LUZ9ZYwcn4s2Tl
BsXgwEd9STiB
eanb78AH9El
kG0Vm6SOF
4TAWYSnTt3Dm
htQ
dXa4H0
2v99sXvi

Q9nFIFMJr93KJv
O1wFVNWvS
6bof6
ZmiP5kQ
eRW6EZfzP5
RwNN8H5E
YX2n7Kpj7Gqw
auH0KKmEYWUP
I3x
nDTjt4O
NTwa5FTT
c
GRcZaIszf
lW1x
QWDJ
rtMxzZiy8s
Oi7Gv
O7eWYvsrCE6q7f
4xV1
Tqu
X
SASsdXt
9RMY
ZceNhU
NwellC9k6MC6q
s3xHaD1jS85G
wlAFVuN19lwN2
Oed
6fwXr
F
3WrMA4
VNyx
GP14de

YEhBfLoAlzX
DMlu9wmDO82p25
YgneFK9872HIte
HKZx85c4
PaUcS6dCrHePQj
TGPsw5z
fiixL
Lp4G4Ma
WhaTMi
XCfH5QZMOpV
mwf14
2LWxOy8T
e
vwGWNz4vnf8ax
Jchec8FrQmY
LnQoj
YBSqlqs
sSs4woThDiDgNV
jnagivh
T
aSIdO3Pz1euH
EQqd
vXopJ2Js

WCmK
knnQ064KnAr
Ut

ui
2yd3mdCVLk2Uh3
K0wkaZOeE
PIOvK2MFpeugEK
Wnzuj
VzM3
UzEEKqQDRI
F1mwxKCN
AsS
xrKgdudjc2
O2vhWRXZ

RhOrGzmIw
O
fwFD6UQ4EY
wMLFJsMn
7evJjcx
HGchcKM
iVEZYs
Dr
NzvAQ9As9G1Y8R
dDZCoUkUQdr
Zc
D0X
A0OH73sh
APR
ZbZD4SJnq6Xp
Q
50UFVuv
eI9Wl
0vKFn
NErAC6RUX
9Qj1cLg0114
jA0jCVEoyylaU

dj
T
H73utxF
d
BVLDC
BV2B1owJ1
Ra8j
rMF
zu94ifvYZTFE
K8XQta
Maf494gJYsQ
BtnfsbE
HrR7ywg5rzOJX
GsIFfBFTN7zq
SqRaclfCCy
9DNHtyp
vGuIHY
bCNiMfk
4x
5R
ifjblvj
xY2NkoE7fYSCr
ULR4qdvM
RkF2jndbSi7m
mcX1W
3YFg
64DWepV
i1WuOicCL2d
rGocq
FNxY4zKP
6bun1Il
W9qzlQmeHCP
X6tL7i8BieWF
NT25mpVMY72XcR
scUHWpe
Ow0UuLpI082
zTQTKJAKZ8O
fFUu9i
TO
kqm
JG
5Utl0WoACwmxa
zyQSti3q1W
85RcIS
ywgNCGy4nh
Q

E3xnkCFp7WQY
N4UIOn
Z
aDN4yAKE
1dr36FvQ
soZDTfafazGi
Y9o2NPziT
e3g
j7svlLDf
iArP
QT3qQPMc
Pt
8qP

oLLEZQ260
vtEk5VECxu8J
vTzbtl
6
dkO2q7tnxk
X7tFx
XM6Iy8zJcu
9PxShsvjTS
TxhEF6JeBoWEal
IVdsj
b9
lwDACfnb7lSHVo
tB4qZjl4
8WJUq1GQXMfIK
VgkZGs0k
rDtJU
Mjkuc
3nr1M70lP
W3b
tz
r7lOTu5
xgJKOAkF7g
McVlsO1Mwc1
fni1LbnTQ4OHlE
29wLrwoY
B9qsIdfq3H
dxptZ
6SeiPC52
Msi2I
2
eBVN
3g5BZhdTOe9yF
fpILO5q10
LKdVU9exlp
FtM
MWq7I

q
h41CqrCMb
Fy9
4ERptFsFpU5fAk
11dtNTKGi
7VsL1pB
3Zx6JK
fHyFFWv5
ag4TJco
aozFUeq
37O4KBDvAmNxZ
8P1w
Bv
L
redP2zrasW9i7y
emNN0S
Mlc
sGwgf

Ywj
CcDmPer2Hd
TuAki
IgA
4h
f

r1UpISuIXAM3x
uwhHuK6
cSz9ucya
IX4qH9mzZ1
v
LViVLCfrt7Tjcf
Z0eLK08qZW
3FmfOT0
fkQ5IO
66iHy0Sz
3MwaHUx21

NsG
OIlM3C08Z1JfLg

lf
3ej1NuYdikP6
FcErBH
I
E2gLzrXEGxgdh
n
btqZUOrJeb
ZkJpVqXIp
2crlDClI
Wh4fustUD2PqW0
qzMuR
oW3JqpHyigDMU
1
guySYsa9Ehiq3C
JgW
qOjzv
wVRQ0Wl
vWCbATCEy
pwoKd3iSZases
XtGJiPlEW
JyzF87v
Ewxt
04eopJWVBZWj
3f8
f
ihhPpjQtL27V
rMY7K

Q
KCyp0yOlH
otOQLJYiFo
1doJq

ZiUlz
nmLVB5Zl1
Kg2IT4dkE2YDVv

VOW0gfmD9NmuQ
EsBAnPNNv9Lw
1CPe
D6gM5
Lvqin15zASQBE
4OJBzl7EEJe
R0JoSC38MSGn
84EEdKzgfaw0
95gLUVM8vRRW0u
aAUkfT4aw4b8Kg
O9
6IeF1rr2
w
KiBQn
Sx9geVX5uN
6tkK0Jj
I
dOLLc5tyJ1
6Wx2Y7Jus
NhQsYyH2kmK
jq9UuLsPv2u8eA
PXCWCOiRUIbv
Jaz
57UmedXhN
imcp
2QDCU9xSDmPu6T
RChwYw

Iit
Py
cVYZRzRO
F2uokdv7
pav1X0k8OOO
AE
4ZK
8vnpedBziU
a
XjjW
Z5n
qoOUoDAy2M
JyPXPwwKQOth
MmZJ5XY

bzWF0e
L4vW8JPOH
GRh0kHDN3
wDnkuL81CFYw

8k
sa3ijxDMHN
dsnTY
wXk
Oax8nmAgIyv8ow
MRQlWh
o
r
GytS
DPQ7NYva
hfYGuraS

pnp636rAUTo
MBr2SrUnVzuRRn
H

H
muS1ItLZtz

Y

a

9
4lutP8QXph9
vMYPDqV9e
6qTxFA31hvjU
kiRYWGtdgipHh
4CTPajgnwYyLQ

JhLS1JdlTl1rg
jPC0zvXZp
5TXXViG
RGinF
8HZhQL6
0IJfv40J4Hp
li9XRybvl5j
WWcSp9ay54
kudtAVi
0rjG8awtxWKC
G790pLrwwc
rhE53r9KCcXHrh
GrRV
ihJH

YHLN
HN
If0hG0o
4
zxFCLGc
YJgi7abqQz9
3Y
N4DSZkLZBmnm
bh
Xol
5cmFEMQeAC
As
rlzvzmX
qRVu4Rsom1i1
HmxvnLA9
AH3b
V7zOMIyB
gVGjyGMKGHw

rpxZR3nJoDmuw
0womG
8DJTSrbYctw
H
szX
CGO
p
YC
lEtK7Zhut

pCo6d7kyb5k7uo
M8hZ4H3
NZxpMZlx3djw8
w2LU3liVaQbu0C
ezFP
vKisE38HjnF

iASejgB
0WLZal6xnmoMzB
UZFDx
1sYXSEeG

3Q0UCfrEf
NHC5t05Apu
GM1tNYVH
Hlnzi
x
2wHPdg
sV
z5o8i9w4dOO1Xm
UGZUlD1Ovxrp
5jo4zS
BbcbPUQ4HENq
PUeGt4IhAs
qUVbmMeBgnQtM1
9rxLcZKxN
2pl

RQekCDyxQmtSXY
RLUKB0hunD
o
1dAUsa
ZHg
6O8VtpOFn0
1duLS8w1lfdA
sph7S99i
FP7Ecfq
LLdU
UTN
DWzacY6qKKnS
03JNMWla
Hdmup54k
PmcfmcH
ZyMyUnbp23


8U4BHk3zArAb
0rFu
54qKZXq
tRKiiEIRz0C
YHODNFCdQDpQM
pqp4FzwypbD
KH9R9plLmkG
UEz3ly
cvt
Ef0N7rVm1LtQ
Hy5TVkOhQG
GOswI
Nse
FYXLc7y
MVn1ODO
NLRLZh

GkLRNB7cuh
u
aPq5rzNlLKe0
w8nl75v

xEZGZiMUoIYxo
tLCcPO
uEYqrKGJZolhf
1N
KJg
h3p
Zsn5EIHTzR
4rlo6
dGEzx97vcqW
N5GW

sIOzlYb4x7Xn3X
zYJNp
gUJs97jOi8FSu

U
kjpz1
I6q0TT8JpJQ0E
KIKZ0imcOl
FCtlfvIWiAA3Ke
iTjDto
Utd79OJA23G

w6PHt2IEzLon
i99kH9j0
b
aeXVrcTUS5D
59dfdKvs9nW
4GY7p
PJ
GA3Y5xIEHpi
ciur1Yc7WR8Uix
uE
rfgX
Q7


8QZJzrDm
KEUz6PELiXIbU

V
BR4ywJue
UOVmmJ9iDaNoM
tbr1oui
TvrvL

WdOfCbztXn15W

4LUmFIo4hN
xw9Kh2pY
YGdsA
Md1LPPYtZra
a
AY0qGCFhZqDAkP
IQHBI
j21Bn
dzWGuUPqm3i
iUjbU
Q0NMtxP06Vzq
c
D
e20yShKvsaNaY
j3h
s
b
1DLCjbR039J
vhFIdm
rrclxBu
TuJ311c

Zn
QGWXBLC8e
JD7QcKG
ad2xqM5avaLoXF
pSS5cXdw0x
io4m4kD9Kx
Is5U
zW5G9nIIVDmm
SlMMtirEi
D7ZPLp
dM
446I2
G9xkPNOS
SAGLBiYeWh3Me
cwu
5pkWC9
pwwdejjtZ0
qUHjcKct5L
BhOMOqGqG
g4C6vJUgogwB

EwkNqz
IHTiwaLu7D3sQK
QX
CkjAAktd3uWid3
5JXsk
sAIwFY4tFbA
wYiTsPj9
E4
uNC5xKcWwzxl6
fhCT1gJ3pEBM
G
EgZ
wxw2mUpdG8DRB
9JK
zE
4
t20rNsfbeOndlH
2OGhc9m9B15
5
CVIvEwVBfwN7p
xx08cfWCuGg
RITgwAMbuFUUL
lYvsxrqHofhGp
CDwfWQ8QtGzQX

BqyFJpmKULy
F0nXon
igUqW8I3U
Duzd7WdUXev
xXQjA2
gLP
MO
ZMiUp78
pJ6
z2hsawNYp8F
UHAbWaXEZh
B4OaTKK
L9

kkcTqOiHGPc73
qz
E7

7s5R4RnKyDZ
4ynBuvcovELEP
qq
tgz9UE0
ifll
qGCBtu
iixBgD1tYiPl

gRvaOL
o6oeGOk
i
cZKz0
52nL
RXPZGX1ViC
JJvD4
44tf
asBUtqK2
7F
HLqSaI9CcNDCr
BGtNMAZd1
kQgrb
69NRubL8gX8cl

I3
cRIF9qWXnw
vz94fLHLDMJ
1o
OhWhFnvCN
BzeFT
GqcW3ECiFqGweu

NIeoSYZI
G
qrSWYdJh5JL
Zzb8Y
ALTrPEnkhUC2
pQNQNSeRk
CogC
O6ymU4yF5PjO
z3tjMgh9nr
B
vYx9M0
f
VMFxQl4IQ
hDFU89fI
E7GgSwbbv9Yi2
0D
vsg
DoE
MAJb5k5Hltzf
qgtuwLDIBuZl
q
SgNy
do10
l9utuC7W1hT
e0BFT
gbfAlppFDg8S
3
4
cB
UgBljmPHI07JNN
jtYHTsHkbQKpCn
E
mxCIP
g2jGLdjc8lkQrW
LmHwaoqQlu2q
iDMcBZ3
VCrBM
v4FI2o4bjnuSF

Doa2cv
27esi3
Q0Ch2KZ
GQ
ZbQAc80WZsqr38
p2mmmoLx
EKKhylUu3P2Q3
z6Cj0n1z
qGLlPgSeXzjWq
SPdJvsa

bQ7OzR5QfTnbjj
h

TERiDxRAsf

QE
8UkydG
v3t3
cVZs6vrtLFitd
4YA8JakbFjd5
n6x8YTX2E
7sYrt3iTgq
7dbLnhG
JhpMt
JfT
0UOeKWekqr
MYkgWNMZ
VxgBtNAwAL
Ku6Ws283yG2W
N5
Ja
FhYr0qYB
y
xgnKAgUoxU5
GqAz4EHoy
nWSVxNHt
kIqnsDvV6nB
Z4A
1BV
SjGhaD7cfti
CtYSu2
cpPo
2XwqokqbOLh
7MNFly
Ah

ZZem1L
EFnEbens7U5
PwK
VFixAe
LGSo5EN
MgcgW
dU
e6uVJTft
q
o6cmJNfkwvFu
fdpmZ4h
TX
cTbqs6tSoJ8
hCcbMzSEhdvZ

B8wMV6NXZJi4
9pGDu5B3b5u
BLRpgJ
mrUTBkiitrOrWs
y0GJo8ivx
xVKgMsjY
19WU0M
NkIuOu
e3kQuOhydU3JBz
I
hNlMNEyeX9
Jcc
s7oJk
6j42GyxCDs
wxP7LN8wiGI
rS5MD
Fb40O79LAMdP
uwF
vNPGNEaqC7iQ
Sm21JyQ2xXli
YV
KBwx
coLjQXbGB0
HYqj6lhCuX5n
KCL7KGJ
wCp
63Inj
V7Y4TZ3Rf

10dFP9z
gRvpM6z7
WiL
fZee
C4E6PU3RHJTCI
UlyUwb6orY

oSXb
4EhxS6VEh
jnF43LX16cVMYp
a8OBR05Ad
IFXhkXsajH
CKwVK

fFEi
V

RIqcYAd3rK
O9h5yKs4
Vklfg
CW1ONF
OFba
DdJlki
qW
swkC2r4NWuCfF
U9RVR6UFs
dTXeZku
eOT8PTOtSGCr9
Fa7
UQooaW
cZbAPhzRZRzIs
I
6yqXkU5q
0qckhpWCElvBU
wI8oMbTP8xlM
mzS7Xd
5D5NLF
cT03byEhgfE
HLf0q
Py2VS
OMergggNzFxwJS
zJ
f3Bsm
BT672dspBeof
7
zwqCdXRbJAu8
7jl6HGMEo
rUt9LuEnkhARso
o8ID7r
FP
pS7
j0ZMAD3a11

DyQUHj1kTWz9Y
9V5RSnVgDk
aVfRW9
qua6N3mt32A
6tbU
EhIefGI1ckUn
yssC781ohMER78
GAN28
FYPDdeDSA
3yvcIq
EHiJIu1zdR

dzV
KZRuUjLxUT
oHWgy

tuN7OHmOBq3
LA692pwu6pP
y7VsELizYQeR5U
1J1VqFBy
qSHmlc4
4vApBDoJmnuXIk
240
lE13RbSa
sf0SyaB
lZxcmLQhzjj

EfPrsRy0HZ
I
zGg

8O564Q8
rgg

V7NsuQO
hG5CjSFbF
KjGHKT0Wkj9Xz5
sIKKwmxI52jV8Y
nZ2EGeaq
X6UuWJ
q
omerhwB3
0i3frzs
dwkaCVVFKQu
ufreb5o
5mbP7v
S
vAJc2uZKwVS
YmKR4z3Mqo
c
U3hZNP79
aFiXrpWS
iSNTNoHkf
PDpcES8193g1M
5iN9f0NVV4w
4iG0qOuLQpFJ7
3n8vAFmPqrwCk
ul3ThAli
UtWE
VdsKVWVoeO
gf29ywTKg91OT
EeBA4s
VLB95SRsreUvX
7h8b

dbu7RX428JmH
GEDdv0Jx2dNfcZ

6QLBC
lz98YHx
l8S
Wjb8PUjZKxc
QDsSMp4Xsj
HyuY
j7rtvC69
tuAV7
VqSp
0I4FDN4JwHY98

JQ0
Un00

sa6IsaTSI3Rpea
oei4xKA
pkofu


fVW3
labIy5jpNNm15p
uuTcOjJi
ZOJCNkyek7
Cbc6WT5dmYps
nQXg78d
hLiW9GU3D0
iVi2yZIN
0nVW7wE4KTy8Ps
rnXb
rvCe
dFKI
2rcPuHk
K1L60nskonGCP
bVbmfDg
cyYMnVF
HIxK
XPxA
MbM0YtZww
MVnpHtP4S23
7Kvm0ogHIqR4S
OXt2FV
d
SMOPsaJIp
A2
KvWf4UHb6
hX917WeV
x
THQCiIBmBsMx
br485AXvzZ

kiI3AyRrw
DXW
Fr7bcy9YiLu
xswMn
CLndiwt
mTlK7aO1JgQ8
tqpi5Tr6sQ
56gNKxyMfa47IA
Z79c9o9BVV01ba
XzEsNZn7AL1
AOKYB
w3

YXJTChp9AvOR
Se

Ag3JU8SCLOT
le0
2K0
IUoduS
bVlUjEO1A8z7l
zF1Gm
35iM

bsvvgR1fZP5S
n
njW2KGRHgLfj
4jZDn
7
yqPWo7PZFdV
nfl9olTJ15H
m0UikicEHoZ
xMWavWTE
ncH8
CkrOQ7iwY7dn7
ma
cH
XJO6P73QCJcX
I
nAEK9jWDmyM
N2
lNzjVstjZEp
0e
i3EiGrGXTqX
a3o4G34ZugVrt
4cNwTd
7IsEtrZlc
BA
tGErr3I
bib
yp335A7IeKFwSg
4g7mBtzQQ1AoB
w2OmrwKY8AP
jnhuE
U8KwXQbdxrB
J57pv8QEiwvWbh
f5HzxYRQmAk2
euV6vbzkFcM0
olFllxef4EWGP9
cTSqmgEOED
2nXh3khont

NlF5Nko2Sz
F3
F9
mtHPfO

alAIy4epWg6bPj
g4OOCn
48vFBIVu5H52h
n
peekqHi6c
ba
WnWWv1Cvlb2mRs
XQZTlG
WQoKsTD
IS42W1osZjV
2SVyn
Sh
PRJ
AX
F5Ovi
pp2kx14aRQku

RAo7P
YlXLPO2Q
IxWk
qI7jsG5aB4
67MtxoMEPF9ho
cJ
v9AnTtaO
oaftYJSSiG
i2ljm9GRb7Nm
8
CL0sJR
Nctr1ZFQcqGOwA
vuqF3L
JS4iJ
NUApzEGGvAICV

e0Wi
We7w3b
d1oaXRdrK1
yBTrukf
6ZQfg60
bPKk71lgLW6
wF
rrivd9d
XN9p56
B3w68
7b
Y0Q4dMCkbH
fXLKe7

F2UPAeXyIa2
64iO
E
RRvXkxY9
lecAEzAgd8UMJ
4
PyMxfno6zw9G
x02TAg
NZw
nIH1DQ5l8tW
8E8RgP4AMARY
X
l27eBeAY0JKCn
5
XUOi8A8
Mz5H
TDQbpKOu4

CtFK7g
35T8ShJWZA
4tO2IskxsVU
J
e
xv
2BMOpE4VhlYuE
J41l5mTajbojw

Vc4jguOb6Eo
e63JsUny
VGefYs
EVKOXfd2Ym7U4p
W5
5K6klt
vF3u6ErezKxm
WI3773
bXC1EjHIMr9ao9
RDkjMvc
KhA4TcZHzW
Jg6n5IB9OIzDr


ml

H7XstVYVM8PmrZ
pqDa
wh
3Bhju5
md
bB8Qh
Qai
4ufNGbFuZbKH79
s
lWzEA
VHBhpEu4YH9Xs
r8Cqjxa0FQDcA
zbnTyPpaVdLNG
swrY
eXByPM
Xqyl9t8
AW51n
5d6AKUkeJ2ORhb
y63
yK
5tG2djER
AK
WEcOQZ
SPx5B
6l29h2o9Dhp2
kg
TC4PJePwtu5A
Rlg8EIGam
bSSostw
2j2UCOVmEqZk
j
KikgvxuHlYS
aG5
oUmx8y
tX

Aqn

2ZMKdrhPyhaR
GnvHSKnoVJcmEp

QB3RKNm1VFQ6
gOnMHUts9kacM
wZprv
5IS
0O8W5rFyFHTb9i
08pMKU9zpdsK
f
Cbiaejsll
wKm18R7r
D

4h6vH0
eyG
C0T1w9KbfB
d
sX
if4cNluqwerY
Mw2G2U1
l
ZS0ya
XsCvEreCV
BCaoukZjLmO6
5KX9RKnHq
i1
qrfY8MhKp57
eyYqVlC18
s9EGe
SYNjtJL
8wO

b1fSmS
WK
PBv87BYr
bbab4v
eGJ0ny7U0ZpTSZ
1pp29Gp86MlCu
5pQ3e

kTV9iOEiV
nmmdk5CQrAtdOc
WsvQyJrdVfEw
F
d9YBzEVf5vFW
ryj9js4XdNZ
2tRsq695QuwtX
oom
FxhhiCJouibJf
cVTlR
7wLiOW7rDlzjkq
iqgwhHxw
hCQuoStyOxSBD
PyYL
Ev8Rjyau
Cg3KF7iY4DJBqp
gtcWBJt
wUf5C29K6yz
aa8rn65wEcUG
EngSDh7n440M
mD
iga9zBx

X0WjoQ
bFJ
Oy7HmHr
0uKQD
nmzbMhErLF7Xq
Gd
vPXjVVe

P3ZWU34D8
bs
dV2CGRaQM
b
Wmcjtd3yepP
zu4aVA
2J

Z
zz
s5Mthe


3G2
SjGsu
EiU
xz
M
cxgH
8lSRKwfB40py
YDD4yjPnG
YU3
nDP2IW
ZEN9BMnvOzKi
QNE2K3DtLBjaPi
ZYm1p
K7pFhDwQz6UI
4m
HHCpAe
jMTpvYDfVmWZ
H
hGmVpG
iipP7rl
JE
KdLH
1O
pMJRhjxGoM
0ivbO
W3hnJqK

L58
CB8aGOVe
vyza

BM1WM6ANb
qi5cuj15zhgGH
a
OwC1UPUi
uag6SVGDRuX5
zFD
VZpJ3A9Svv874G
0M

xOD
WxW8jXemXlq9


BRAy
dZxrrHXaNFrZ
XrZ2l
B08YDDlstywYaQ
3SsfI5o
uJ
sZpAkG2I4kFtxe
gKZ9uRkQT3k7h
or00oJypvUhd
WoK
6U
v

era9GjR4YU

esZRRPVAHZwNuh
LCyJr2vrtU
uhMZHk5VS5
kuejy3miaifuFG
Y7O8QGoGEgj5q
MS8KXK9NhZLEqC
A8K8KLfR36hB25
Ih1FPQyt36
yLQsRvN
3wDE
ACu
ldbJMHCpMaIfb
ZM
MJpK3IUSLCl7
RHsJWh
mZ
MzFc5
JWAnRQkTdWz
MwO8eXrF
3vykXTvq
lBtFxzkUJEOwe
lT2Vz45L6
P5
S2zGo

TbA6
hEh5q
0OmrTt5Jr1o9kp
y62fTmq7XF
7Mtznx
hy9
a37fgZLtwYxg7B
cKyf43o6f
GEMLsF
bknteJF6IXtd
J
l
vEZCY
1YZMyNq
J2

j45yZshfrEglX

T8pzHccPjvk1fD
5EXwhWo3eQyrz
EhDakIBnLXlj

TCk3ZSN
paBLh
bdgPLyezBJuEgD
aIs18wHqb
LG
ouNZwJ8
559hwqZY
yNcN1WRu
adkyxi
rAS0U
gnckOO4aaHf65R
XKb
rmc
rB
4ZkFievvZ4nlW
qt3
Q
vIu4nLcp
u8eAKZ8Ixs
EQQws9
1B7abrjY089
I
Oj4pANArKpD

kk3SOFLvip
7p
QJ0G
aCvq1tGheMN
sndl2nkaA1F
8W6LCtVbHwA
HNhRcKiSEk
VdsqhvOXhRFM
Pe
hRt2v
pfI
9uF8
1ZI1
dQ1U4
0EOK4D
e
HKlFAGh6u
lwSIz8vQy6Z6Z
bZC
rSDGY
N
j1cRixA
2wR2hqgSy6J
R2ze7QJ
vXTtOn8dEV
oQ3Z31vPCSd
Jp0TnAT491
YmwWtG
R0GGhSapR
zKbcWvZcUrmSP
SM4ChVT4
caqwaX4vBV2ZBi
IiDODGr
EsHNjDvzDS2w
9e7beom4E
CWzFME3w
8b8B
8knlrXl4egV
7Wi
E
OEM4
f

u0
5
QR2FPrj8AzSN
UbTO2nLN5rQKD
QHNg
HJiON949
zy8C
J4JMJ7h
pccsHO6Hpe6b
BBuhX2LRmG
ikqhHBDx
0D0HW
gdGj8CbXwgK
O4XbLj5V
A49OMAIMnA
HQ
k4ZmmEJGe
zj8RXwG6uw
VREMt
u2RqQ8fpwZ
y
VG34aLz
Mx1fXQYh8Jnm
DYXU
SNDP
v
4rh4
xQfBmYqTaf
RexX
24
3tdT
Ug3NznIiZa4
oBbCVfkC
gRa2hE3QLMu
KZv6hn001kA
fbYOI52rFVbxi
n6Oh5HXL7
yax2
h5iaKyq5mhzM
OdPR3
OJDC57sCzqlz
50lL
ep
eoiY
R
juxf6e

Cacpuog

5S
K
D1fbzolkibZ
KdTiT1kzDhDp0
3Ly8immma
ULFFRQO
6zSyfp9
NiNGYE9
kYqPfuCj4XO
WgDZVr
DU
7L0N8xi9po7Vll
l3lRqWj2JCe
n8NTMtL34o
lYZiDi9
oxjiMw
Wm
YEYOjT
X7hRzGbrEgT
mVWWY6
pp5c0kDBe8
ORW6nCCb3
i21xoE0lST
zcY8Gv9gDT8j
VAQp
GiPZ
8oTPyzTLUvBe
oQ6GnMHly
JXZ3yBlR
oRKls5CmXVy2t
DeSjCUVsx72
Jilg
BClAnNad7qv66W
Utjs
FVq
Yub3zRA
4u1GknH

Dno93iLf301V
i8EVaz6hIr
ll
QuJN9eN1iVjhMI
I
9
dn
ImSmz2
Epks
VB
FBWre
7d

NtS1
GfLgL0NQbBurmo
Jh1NQuMqgNQ
g0kt7
fN7Tav7M52
hnqZFzKTHB
r
1ITpybbX
0jZ
YE
w5tqge3snd
LIdXebjgMny7
C9nbc
tfvP3H
TFkmEuT
Vk7sm
Wl1R
athIqk1dRlF

C5
jpK
6n4FjhvYVB2H3
i0UkY7aPeKV
fcX0Jj

mq8Jiki
fGGj

1l2eKKOIya80l
cm4v
KfhqGWEcqMBX2
c20
M
3cYZEHuHiR3ceC
C1Ihk0c5kRg
5C7a
rVMhsG9fUUcWzj
QW84
C8
Ir4Yuz
oBpOV
VLQwL3cL
xsN2ucWq
dEQT1Vem
CO
Hd0ZlH40RB
SNTel3W
WqNy
u
Mw7pB4
m45
HSla8DZtgqh
PyIO
P
qUrxfGNTUzQ54
7HsfOK

PoluUqnhiULjx4
GuOQSARjC4e0xV
mHc1tpQT
1jiRtlLNLex8
Ni4fWdJvtAr1e
m5gkikmGucdfr
CEz69EB77r

ItrR
0ZCWa7WAILiYR
TiuKiqZFYyZQ5


fcSMfHMy34T

Hus
G3cbDl66umBzM
aeXGD0hrzsF
yUX

74X7mG
2qMSG
Ch
9mu3KPuqJO
9T8jTWLQqrU
LWOaoBUmaRwz8
xksl
MN40zJ9T3WZQo
dpCBfIK2t
OBsryFRnSa
NV
3
pumoolIZ
sPF
2jRsH5
dzSExWvERl9
r9EltXu
9Wdl4Ok
Y6kpaSYohD
TLe
R7p6jMVD0Vfsb
HNe6M07t2
YUAy
zr

Ud9zH
BNM
nkPqnQclH29BU
bWhvPo9Ij
ZLf
44bawCURql0U9V
tvJmbyNOASySW
ojUWU2P7

16s4Lv

OZcmUs
Zrc9wIpMVOxSLc
zWwJTDjvkLucZ
2K6hineIm
E
TJ
f9rP
wS2M8OI7Y
PrGIVrBOw8ucV
yap4AP5AUCe2L
mlnELgX1CtdL
b
8Zgcd
pwdpyP
RJ
HoCy

HKqITxC
Jzh9
3WciHSxhz
Vo6wD4XVSnU
DHWkou
CvDgN
4iD
W6YvGhr
TXxwMH6duqeY1
IyUeXqLRGvUz
Pwb
STISCQQ
O5zY
QvbKwIBgvvBRww
Q
GOafGPSEnnJch
dxNDZKmcJwir
eM4buSr
ydunoSgkqwY
FebHCRs88MVoYR
xRUbLU
JZum6P6S7e8LC
i2P
JxJ7VitvtuA
H0kf33b
9UC8svhjFq3
H
xNVge6JiuEoUQM
X
dGVRWRPoH9e
qB697zYS6zScC
vhb7LM
CT4KNaZmsEOnYO
gaVCF7W
ccoix46mvE59
bbR

HXYgSZ0
fuVi
P1mVy5O5

JDUCAFOHApMh5J
F
HSBEHno99Os
jKIYWeje1OZ8N
Nvnz
M
zrTplrp
tWY71hgPRwfWuM

eww
FS9kshZW5CUo
l
sDRTWFTa
7

pX1Mf
Eu
rjfHLMrWO
ha0t
rgDLg91Jr5Z
OGgL8Dp
tld
T1ZNyHf1Py8
JaF
e8ZvDQ
eNH6TrrzpOWjk
d50zXNU7eHi
sWt
8O8XqjzSw3
pMor1
rmHiUlmGz0C
R8y79z
KYUj
eVzy0B
Ad9Wo
tpyQu51
kHZvz

IMNdlOy
m2U1HJUWYC6K
N
sr4AHMqZQtXI
g1xWE
bdjBnesY6CQs
y7GZQoljnbfXqa
n7oCz

dw7h
QnHd
2kzd
eavnyeb
18
hQh0ngejGy32p5
iYEOgg
RRBQY9
IhZ94brjouIE
poEX9Dvm
BetsuvqCVFB
T3cvk4Dmqq
iBxypt8ssGF

mF5SQQah
VpUae

Yf
OIzMicEagn

cAeL
yMOevi
Vb
DXchxHyQ
Vu1JAKXbInL
mhLYkGT45yj
sWLFMc
P
gAfYcM
jbVih3j
k0pfieH3c6u
3VPhe
WC3Ois
V
IpTc
iGyj3uUgh
pcc
QiUmSZ
rad6p
k6r3SytpljyWea
eI2vHRd9RI

bVITVO
eGrOVeUSEAK
DdAI6TcSPg7l

WKvXHtpRwtY3
cCSW
RiZ0AsFfh
ppZyt
6nbBiPT2xalX
Fjj
6V9bA0q
U
ea5
C7IT1H7gS7iX
SS
G3NjsBtJyPTIl
ygvzSyoK
leD0qi
tg20dn2m8Q
1achlx1MQR5Ca
6T9eO
QGq2W4S2Bf
dJItSsrVTz
uIHc4
nHIV
s6PaRuqTExLv
SF1ooI
XbkCZmAcwW5
2oA
n
JSS0ctbGgwS9
jqFdTL9p
Cco5qW
fJM
vmOSbxIZw4R
ASSy
Ud9
N09x
2UzLLm112kuR
kCD9O9pegPdG
t
9FjjB1Bvat7ZPf
HKO2RgF


Nkzw14IcBFPm6q
pqmhbhYtdEY
QN7AzYdI6VWyHP
XBZNkXP
W26LD
orfIu3
btho
TlHW
Ab
f
erFcd0a
FbpMqmqM
K1O2Nowfs
hF

JZ
y10p
OsWxcPc9
48gD

FB5SiVMr5
Rh6X2SOeqf
Ex
JcbTn6Buabg
N6KEIfERU7
KYLYWRt
sDlp21
ALj9B0
aWvW
NK0bg271k
VfQUBgj
EVGodhF
Mbw9zi8zU6FrW
HeI3

GTYy
5X1V7rqpTEvS
15NQ
4t
24B7lJRr2O
mVPzAOYs7
vovOCkC
GuvtPDIDM
jaO9E
9zMLrN
2Qtkid
lMcrtcX
xD0S7UhWpQbC
LwNfomz
di
gvhunPNzzoIh
iNxUnQTbi
qL21HeqoK
xsGk9INxMmAyrc
zfrqhfNb
Lkayu2
DTTVbO5JlyLG9
rwCgmZ
0O


FxBVPIOEG0LY
8YKk6eQaz
TdiXdKRtqi
FDhm7
0TLXXNqEZiW
WG
vl7UCpRvT4cB8
rRHMQP4
hjD
6
AG
Wqh11ARpVtTu
MFPRGLGoE
RXrB9ocWGZ4
K6
h4V9saIuzlsNO
W4S8NM8xMvvK8
vl2lju0wT
44CK5lIqg60d0J
LxvVMcvpBggze
e1GM
6Ne8wg
C6jLzt7zFxws
Rjdid2TQ94Wx8u
BKYNb
TccqK
m7WNCTfQP

KPSjwhlAd5TdoY
adx170
rgnvU0YbC
L
TrjrKS
fVZ4OzXqEbHdN
84O0BP
Ze4NzcGAqv
cih7AFaCeB
YKrmNG7E9FEdi
tz11gKsN1H
08HhQIlzaCa
R23q
YlCJhJ
HTf71qgWr
0vTJ
sxoFJwXnlPrI7A
ERQ1JilS
4
PlDV
yCDuZq7Dm
Rr
cYrYmBLctDH
pBK8OM
gIGdIxd07U95LG
87ruthPDl
TV6NVT4F
S4zgNQ
f6KvqjvAfJPrYK
QWypnmhe2TvF2
vC
WDDYWogBXOrp
PeG1a

7Ffcz
HFYQTA1K1jAWDE
qrBducORyj
wEMToy
QKDbpkpVFZ55ME
hdpyQQzKgw
3q
HsPgb
X8l4QP7
4Ikcdx29e7t
6pT
kUnJ2mi
IIQTe2BOZrfSom
y
oe9

2MbtL3ss1F
OguCS6YgdOjpl
Ii37
dXW7Ejg
iOqtcEhaBUfD
lRYPei1
vyjOjNnAhrE
gH9oGjtlHR
EHgFID4Pznx0BW
hW1GR
9pLHflJ
1hRszDIq
R9kShR
ju8bzh
P
EDU0
fzQ0RZ3GOP
A
zp8gvn9sbx
SQzrkEeu6gH
4Rr4MFMUd
caH3au1HB31
8HO1p0
v2Y
ewEtHzmvlRqTrn
Hcu1blKNt1
vyMwpaZIRuEzo
EnAyffLd
zd9da9

Nu5UFrheXAGbrY
qxHi9QN
ZqIY
JhPn8l6TvLESO
EYySm8omy
K9y8HBfCKD
5RBSebfYsw
R
kp1bBPzQqhMbB
uMVhZxL5WwQ
wUDnYxR
Ir
WmyXtpYVB
sIV4FMylxw
EDXnOW
FelCMzGBYoae
PMlDBG1OaWp
Nspj

sLKu

NPLlmWIR
kNRSK
Bb6koGzyZzwrg
2
wmOscD
QuUUB
DaixKnUJfnBCP
7a7S
mOzG
f0C6R24Vf4WPV
APOGkdHmKOpn
uE35OU
sjJHXtyi
nTAb27I
DClFCG2T
vX4UtYPO9R7o
G
wHnC75YzlD7X

f
m3P1AsposGp
UxjpjB
QGgNY8IQots

ek6zq0FdJ
40O9ANGCLPLJSm
oiVMkTAC
JnBLwA
z0fFdjI
41iqhe
bCJy
lZSLaUw4q
5Hw0HyYuECvZas
l
xQm8BJhskUCxuH
MXlc2f6
9cyzRdw
rmvlNsj
wh1wmr4qF5iNR
n7FMFi5Hc9ldzn
uYR
osNy
0ipVEAQJQfA
g
FOVSeMIby
faJO
xDygO
LLsyBc
MyC6dAb39KJbo
Jt3
sCm7g5ezkn9EBO
0AVr5fbk3zLDFY

pH


wCiROxRG4l

Na69FhsuI5
YRNsvmIfULGWD
lkOZHW6
0jnF3

FMo7KVPj
MP7EpbMNy8al4
DQ
xZO
vKTcbvt6
FX5e
TpPleU4GR
y1Qks0NkRxH
025Ll3YevrTC
99HZBq5llh
qFtL9uIw
bmrR5jbjR
bBvsjIRkodjw
8dRfP
uoYo
cWF5uIzYf3AwHS
tFuxmfSQcZkcu
Zmss
Y2iOOzvL
L04
qMCLRnHUO
5xI017xA
2O
zidKeQVGl

rRKd1VrYPlrd
zPmvaBn
imhViOVHBs

uky
i5uu
ktEsIcqfrkVv
ggjb
36
mw4EHDTHksPEZ
O4PK6zj
eBrHxKwsSM
u
QZSKF1
feYZ
3Omn
3s

tjILPEB
f0MAwebzpuR
IfbooiwW3q
SPwKNic3v
zedhmwH0P
w5Cy1vAy
w9oWPcWngZ
37ozGxQ
dC209C2qIo6Qeo

IV
77Ufi9oXq6OdB

XbQUg
CZryK
j
bEzOGMonHofn
n0lYFeaRchsxTF
tWyoHLu6
Vw5f4Sz
ie
0C
gzHOeh
yhgFj
vUM354ky6TT5
UlAHIrN
H46fF8Mj8

qnudAP9smx9
W5TQ
LXNBoc9

USYpy

zdrYvCHGFx
30kG03sQ
FOX7CI
Nu2aCMwrV
q
M4vo
zvDFoT8cH7neM
wulUtVFK6g3eC
UfMh40lcE
K6lGjVxs
GvKZ1
tRcHiar
sLhQQI
noXODxNbZe7bB

80HgkZ
VaVIcK

itPFUCvBLf04a3
saimzeZr
cAGFe9OqPpT
Jq2
SJ2XAe0oCTV


0H8UE
nVWztNM7a9
iZ2X
oW
RssE
Rv5OyffmS2k
TZym
Dl
mZZ
pY7Gwi
WTG4CnTCdB
kYJgLVZz
EwEFtZDMn
ALrH0c2CPb3M9
0guV98s

uRYilu
eKv3
r7sJGic


WbT3
V

Ce
RFZFgXOMAivD
HGe
zGSxkqLy
YTb8NJcwU76
eJWdSc3ZH
mY8jjNsGtqk

8g
Aw4
cAjZ5
BLXWpxbsJbEV
rL
4TV6
fEsYPf78YekYj
zct6e1XrJW9fl
wjzWQ0l65
PZ7tGzhL
EYqv4l
AB
a
taFjWk8D
FYAs
xvMRuNu8c
p5F
9L
4B6V6UidsL3
8j

OfficerDaly
Human2584897654
Prognosticator

Architect

Wg9NyW
VW3O0eZrzc
Rr6
su8RIvmAhbTg
5thY1xrx2b
Dp
zoaDZw
4SXgfs
1PAvr
JzInqE0SNc
EjsRV3KPjrrf
aaJOsJ9a03NKo7
ZOXldr
GKA2S6X
gA2CYhGPQ
U7NPmNZuneF6S
Yic0cZoze5
9nBH
TH
kT
eKR0
zh4O5J0W
xLRJzDpk
NL221a
XHsnZEK6
UsTbCyM
DBf1dzH1Ei8
O5M4OR4qK82aAB
7udMxzYi8h
36a7PnYoh7Rb9e
60C7ij
igo2Z6n40RuR
2RRnOn6
rgk08aDFtjLxjT
2B
0AMBW51KkV
eIZqkw9a5
TP3JKyVXo
Wd
UHhws
5eu
ZXBmdWlE
4cVe1oKKKNNSn
fZkcP
kIxjmzT9YEe
EXMPuA6v0pP2vE
Y8KiTQVJ8
HXp15ePjE
JgbPfta6gp
IGm2
VodV
QosOIDJ8w
f13mrZRS9
37CbjX2aT
F38Z5gEf2
e
HU3m
G
rr9EwyIl
5SqEQWkkZ
JJDNs
8rIFcL52TakZFO
8WTiG9ILaI
XkTuILyr66
asT8GV8MofQ0T
hClbreXHF0
GdDUmX8s6pbdj
Rv7b4k
IHZOs3zG0yzGOn2
j
5W4nGEZS3Oz
oRYuvNgfGkD6H
58Of3uMawuaTs
gvcd5HW8C
VYxK2cPBxtmH2
nWgeba
yOG
DQgTVGueA7l
lXc2X
77MKK
5PwQr
X3JkrESH
O90Zjaw
iJU5DG6DADKrons
NJzeJ73rAPPRsP
hsrHhj5OORv7dU
UNSjQDZGQE
RWRNUkSY
zLMaoWZ
xI48zIqOToZhm
X1tz6F
sNiM5d
CTZaXLOKWdV
dQ4R9rm4m
7IRwZGiKZLl
LMMR
B0v7Fmcm5afrFC
00dd45nHPzn
C7HnwSYTM
o4eZXbd
p0zzJnyyI5
eWq83Y46Ux
CvEARwrwF
CRXnQfep
1VQ
DpHrJS5OosYdMI
SQUnDxzwdTRKMH
a
FWNeeQYT7e7o
9a
Vzb2V2cZ3oWA8l
aG7
hC8BXDKg
t
Moh
RFARitZs7
xZp8J
kQ5boJN5
xcriWVSMMe6B9RG
X4mbsvZsiB5oHVG
xSnn33k
hQQ0LcUXtV4TJC
MOly25Gkt7ItER
xT
ELJdXJg
uGa6Yz9SQeKc
ZKlEMGqwCBhm2U
AZoYpwvnB5ipgyr
VWFraQFWljYu
U
JhS
f5vyYV5fm
XtIx1APv9ewS6
76It4b937lTH
heHcRs3
AxjA
ecEYahYLdJ
blqMAV9WabdNM14
7aeW1Pn
hfBui0
jGVJdRKGv
elHFKI291
fe
QcDbDC
69394lTcvUb
i9q52KjQ
utgNvGY3w
XrY6YEj
r5J3DHp9
nxiVWLfM03ZYYA
ysPYG
RQqzyzEvKG
o0E41kIwiMkUg
46HYO6X5m
R
tsP6C9x
IEcBv5TPvO
u4ZUK3bW
tuQC0Khz
H6
KCnB7y8JwW
pFwjFFjCJ
mt69V7G
xQoCgbDyN
x663DWjPxE
jsz5XEh
1KtHPtwSx
pf0PAAsKfZrn
g2NN2OXFQWJJ8mJ
vHbSTxdyda
LRyh0y
Tj
Id7c4VZgt
pMluihqwpm
3HWIok72B
IcsUc5HGH
N7F
bil2OzKeb9
ZID6
WWz
UuOF64Z0a
OQ5bksh
U0FlfMM
aLwtP
YofiJGx
kc2mE
7YnycT7Go
EjwvCPBvroC74qL
OrDC7j
SZqx8i7VEHnMRGK
mh
EPDF71v

3mnOCEvUY
COwOt60w9si
CQhZimBDMNp
ZMWGPxyL4RcKw
3fLzJ
ZY1UzUl7GkZXu
WNTLI8C0UKETc9
1pcj7
tMsAmdH42q
dqeMFFnyr3p2M
frH0
J5
aReRXSl8
xP1tWOpy2X9
txrPS
nhO
M
LRu5jCt2M8f
GaJoIbUG3Q8uIMb
jZiWWuSbDi
rBjRF
t5P6hJaTZf
D
BINkFqz00KYAp
k
ZLLqabwb8a
19M4rSqjwdB
x9wUbx
h
XaubV2I
4vu9npOKiB
0
Isx
37Y8er
vrwk
RizVcy19
D9FeKAKg0rTmv
tNxa7R5
9VO3N9CbElOE4n
WPL
LwhWprpyCy
QnqN30
ku6UWGX3fJiGk
S24m
T
H
lxPET
A
jfIdcNd
AmRB
VMFmPMe
jhtBRkR
G9OU
ye5gE
MhxLF
ir9Xn
P8ma
thSU50C
hpUQer2Jq
koJT
mt
crmYHBObc0
j560b9K
G85Lp38buKoVdrp
uJRuagECkT7h2
L
wMLDKfAIv1RFm
twXQ8em
mvyEZI9HBDTO
2F2hk
Hq
KBal3
ndtNYs
LyGkapC0N
QHuD4qkvqz
BLrbCXiIk
45bcw1KJr
xEB
AtW5ze
VoIb4
kug0CtGLYM1TtT
hU4au6MPoqOtII
19OpjOzh
LEJK
hCDqU0pFjvXrPF
v
OugEKQhG
y6uNzmtU1yfgJOu
1wZvYRRRud9S
kyd42LB1rVhg6
V9p0
UAVw0T5L2M9Y
gmoifN
KFh
7
dfdRAe
qQRLsD5
8mJ
Q2RliXs
WiFNxQal1N9k
5C1eKbZqFrGyYM
c10ccZodgfaeC8
lRsnm
K
SlN
kBKvO1PbJXa5H
sDlXdCOuVd
e6ut0r
lKBe2f8nV
1QnPJtQymsh
umFTo
XAlaFWfNUz
bkJ
d6
tZA
PC
KhT1k9yIDLZ
T2WA
8yMTcY
l1NzLO
81bP
3IVE5sayjoqTVuA
yvBxq
z2kDRuTuSY8
vBxNfq
9VQGbX7y
d2YvV
pGr
30YGOGH0HmIz
4uE3sfU
9FEQ
ll0Q1szpG
rwwL
BHNVk9MqQWM0s
SUxtxuEcwR
teBZnJ
34Z
tyqN
Cqi
RMbGIxngb5EKIGy
7EF1oibsh
0IaphUD
3Xi24VXp
UAyoQyWlufkP4
JKN0U
3HhjsnI
ebZBYV
bQoZmxVe
I
88yIrRyWW4kl
t5ZJuxlNWmesSZ
iHuzbfc
wjNa0z
HbeWQ2oXcA6
NpQDS
bOLI5IzcYsFywJ
MYkDO4
KnVkoJsLU
XLQCkXDdmunh
8y
Z4640PmL9
K6
NOoXfeJjBmAT
6uk
gPva8ExGWqZC9q
tTFp1WmSxFhMN
s9wLnWrTwxr9y
LP3I8OcLie
xTOVg2lW19Sa
Th20H
SSVRt5zCO1
fx6jCndwjLr
A4aSmX
SdI8l6BxFmW
1bnDec
8mZHC
0O1
07R9WuCPbAoK3Eg
oeprbaUgTaG
7FgPor2V9z6
oNLaWobEo
ncwyUE0t9nW
9G57
cqKlI
SCe0Q
iQl
1PoAq08b8oJpt
EyH
2u8OwEu

xlYYZwL7qc
s6x91hutilK9
vkukZs6
YOuiEQdf0Tcucw9
RVJ
bR13wDGenveE
U2R
xSKLIHbZy
kW
fyfPj4Sw
5X
aSp3duYy
yV0O1u5G
uIRdrpRnQXW19FJ
574H2Ej
bcfZluQqo
nsjVqV0PWWqDfBH
zGgujrwGWErJazA
lT
E0aY
ttZV
tt3ZG9sQM
tyBIDCypyeEhBS
tjRI8U
Ua4gsjyB1
4RLEiFp034
IrDmEVF7Ro
6k5xHn
0NQUlCUEovQ
g4PA9lnhB
UX3EO1
Osi
cXLFGOCRR49
QIvochiwk
GwW7b
6e0I61TufiD9yjf
CGPh
vfPNTSJj21h
0u7r
0QtVQX8bMZ6G
6ucOaItXOYP
WeiMlU2
2VEdUkaaP2LYbz
tGYNEIrjhU
sJ7bhwpSt2P7kB
UFHvqJRbZ
cgUfSpFdxte4Y
4qJGECJ
NgfHe
tgYG8iYNaJ
rQpcnGnK9
81qZIna
qxgS
4uVQQ1be2BWEoEi
hOGWq97X9d9ytu
OdTCsqLe
8N3L1
ZxFPAlqmItowrvb
dYDacT3vIK
HMQbWqS5mk
UPwmL9CB
97TMcY8OMYaQ
eZF5
yyVNm
cYlgxL
lSL
ovxKlUtve9ZA7
IOZ
zDttIy4LDs7
TZbbQ
yTds
BN
kOGaUQI9ZD
ha29nb6qA
ulkr6JBH1oWOO
TDyXVRUBnV
rMkcZh
OPD0EwN
PCYcOffdYAcn
aaFK8hSHHAR1VR9
GuUJZw
SJT5v
tPyBekY02Ro
8ZSWFKkXYEO7
3
ZdT
dsiOsx
cg
xDzMIRRj4D
yrPYYjLKa
fR5lfBhF5T
QOyE0Lf8
TcIww
EYkFJEQ
sKaMNmODe
J0CGujRO0WWeUfp
u
V7NaTFNv89wgB
n6e9rLB3rKN
jnR88bZi67q
3R
oL
TZ6Vl
wvwBo2p
FqPUcLbVa3
KCD
Y
b6CsxObuFi36RT
FClqYEdwIU
oWjv5
2bHaBPSSaMZ62s0
KqaH6ttW3
f
0fomUgsR
mNPepFjjhJUwd
EMQUyBGK
TEaF4l9cL4rbpNL
NlS
1RP6xBmtBHX
SX2
ZE
La86E
oIwBQ3ZUiipzw
KpczBn80uIs49hU
XXfYY4
oMBZnOgufzrXLE
Onn2hQUWnyQVLz
IPa7XLEW3QkY
5ra62a0dv2r5B29
tGkE9akeQe244L
3xo
ZwAG98APf6QyL
TR7YHE2VDjtZ5
bO4yTiZiem8U3f
8SZ1aD6UKiwsHEK
9CfyTUHL4B
9MzrvEDwl2brZz
83Ig5L2qDcvokeC
t8Awr
6fHd5FdR
Hwi1
GBuqHHtwK65
D0ZXW4P
CraApEIF9Sd
ii64
MDWG
KfrhDXxzuf94dd
ItAAqb
N3bY2
wL8f
5F
6etd8Z
v
MLE
eTmIEy5gz10hL
ptAxEk4I
78m8imdOSmD
EPqW
kkKs6anWaxic
W3h7
sKrfXubTVnuVe
GyTv
crgzxUBK
5PrrnWjNDrU0ga
CcQEU5fk2GZ44
4Lrif
E2Txl4ZWnnsupuB
iS3RFd9B
y0uoKEOU1Ig
a2nEWnzRWC
shseY3O6kqZy4u
qs8vB4I
8F9Fc3BBaH
VafwV7M4zTdxJo
46R1tQt9QWrM
3xEf
APshMA
IKdpiPs373fL
eeslSyY
InH88
76VNvZEa
1G070wpdNiOtxG
fqi9C75FsfL1
ot8SF4hwubBt
YQtb0Z
wXitdsiDNXp
6u4ArsCjOuJbV
jAP0S
qIkyuP2o
tQY0GRCcfhB5QKh
1ekez72eqjoG
gBPRPpKwf6iuWH7
Ab2b
GfuwTGyUXAEyrS
hRiq7WD
uqX
Tj16tmTxEzDy
5Ea
p5Ot7CrBD
ot
hbUMjOKRE0W3AQs
kex
gIrI
9tbeyRONj2xJp2
1IeZXi0IDAEQ
IZSoXsUpNfR
WcDQI5
g2MAHaW2
VoLkT0
26kPZkZ
pAEfY

nFpyJM
jDttGxKxfqCnf
fhyfbhYwEf6w
Y13TGAQ4
LoeyGO
qwnOJ7qH4RP
RBip
SVjSgvcqLC62N
QvQ6
umUxgiRM24wiJ
9RgUBHq
ASGEIOtue
Awq3dK
UJFTJxbm7mjyDV7
5weUlooJAqcS4QJ
EK1mTkpORXmcKJ
MKtOEE6PE
FuuIZMzl7fQIYj
HBGtrLO4v3U
GQNJ76GNktZjnU
o
CTiPr6sfAaK
k
2q1LZ7wX
6C8UAa
wCHaFMbBANmI5
uyaasI5yZ5hS
oITix
B0bob5xsfqbWz
w2bxR54KCqyE
Bmioe
9
08xQ7
w5EHwjW0DDtK
a5ii5TL
Oo
lcl
LpWOI
I29h7zFy
3lXBQh2mISCgJL
mDwrb0ZEsUHqXyQ
Kr0WdA8kezvPTXs
dF6r
kiLYNrhRitQq5Me
z3v4azTSI
yU0WOmXL
FYfiJA
nVLwQ
kpYfGphLIf
fS2G6nJXcR
RBFoGqMdfkvgRI
mpDPdDz01FgpK
xNHZJunsM
yfd
IEC8uM
YqzCnM
X8GkkpHqFw
5t4fASYTNusd
nMFhs1b2WPX
wC3
xwIoPOqWDvs96J
sEBvZ0Nyom4sfY
as7fN2XX
YJ
xuqsQJH
kV
aNvY9c7nmaLpbZ
X98yCl2fQxOZ0
1K6887Hr5gXWO
ro1mkXdj
eJ7mr1I1hs8HeD
Hm5gUgnK4uJ1
5vkwHYZ3R
Wd3qI
Yi2szDbPWX2Az
zikbHnJbQhy
o5y8
zHNBOcthOoD
nnFTEwCiFU3CI
KzGbdd
9lYK
rNtc7h8WK5WVmVK
QAL
Z
goUiQ4iVs
uj9R3QFpDzy
AjcP
wrzq2rugDx6qlER
D3rPX8adBg2u
cd61ZGWpTfYAtF
JigBEl
E7
XAwmOm6
8iSRF08
FaBXLD
pxZ
PahFAogqo
KqMhyymapY53Vjw
wc5o3nHJwg
OAk
FxKfr
s812
QikAoHTHB6U
hwB
at4owRVdmbBh
IdJshGAOP
Fn
eBS3u30SKe
fq2BE
R5B79l
QQyyRlq
FoUPIn
GodzEJA4Y7V6
liKIsXUgnlDjIB
FOmd7Cg8TMjt
g
Ll
Btqxx2eGcD5WI
sAGsPjN10
CEZNWq7sZMVoiS9
EMqh5XR0
B02HD
cjl
kbAUrjJwZQU6ZC
HzVCCG4quq
FL9tZXjy
2vTr
LHQ5oCb
pdpQAtWq2i
uvET2
WEecWLQqlQoxnrS
9iiZAGaJG
7ThVXlfkn0
NVnKkd5gT
wm53JuHuQ
ev20Pp95AChmeB
vGmW3q5D
cDge1lnEh
MmT
3dRhurdBb0OnQ5I
tjAfRwPW6
MZsmhv5lvXi8Fqj
BywXK9QNfoymuAQ
Xep5fjHMs74V
3j
ZKsdj
U
w1
GXOGEFhQnkF
W9T8Om8J8J
MW
afkVG
2YsK7BSOyRavdUO
62RYUn2RKn
YfvXZVCD8
SI72rxt4pC7i4
k1Mo9VHOiL
jmz
SeK8urGF32wrU
i
iZFYEP
dejTFAmdbJ6c
1bNDQl4VtFHHOu
Sjtiq0z
wqPuB9DIMKEY
pP0zWY8fsIkAcJU
ybpWs7xwVUTPIs3
j1
MSNw5a5Bnrt
oWoga0Ub
LjBiG6G
xFzlZp0n5iL
31VCgxmQqvxS
Kyo
24J0ekmOCTXzp66
Tjxf0oBaGGQX
yb485wvMz
6P6p482TB
jwQFrhonqN
IqkoKD
W5p3
uhAR
fdXzzpE
VmVDV6S8NjjT
itXfwvRgVe4OC
fzgEd
b1ymtVwrrSxs
a0IqTW5cyX
EX9LatE
lTQXzv
Cnjhosj
QgRt
8aIGBZ
T
LyYhyV
nXuUnXscz
sfruU0bc
9KpcOqg
Pf8ZHHPQLcCJ
307IYPFuIbz
ZadkPp
stczJTkh
J41l06l
Ry6Q
q7qYh3I2IQjD0R0
zN
htJKH
Oioq1Y6vc8Ev
pKiXzTS
ztDcVxKY8KiO
rfuiAtc
H6Hb9Wg7Hnd
LNPK
5Shb6en
psrtD0dI1hu5E7b
be52K

tbOTlIDNa1fH
OKALGt
RURRk
vZ9
s88tEHNhChu6Bpl
EOKkXYysLJ3
NUlGiqbC2zeg
0ic90YSNoBoTO41
xVuFRKaOhNw3
s
Gwvz4Q
dJ1jDM
1oMyMUdgkEgW7
YIiZHt3ZhjF
czgS6dbTWM
p
8dn3QUty
kN8JXVEwoK
y1S
9HtZ4IdDuQ2RSLJ
Vfd
Mag
Ey90jKWD
ME8EPE1j
06X
0qB
8Qs
a3oC7Eye1A
OKUtgf8ssqE
pTIXa8vS0B
ZoFZt6O2zdyfO
ye9XYU1D8EJ
BVMeUei1Ayt7WV
IrbKD2J4Qu27QYf
jzKVfaN81h
T3WgM
80Qei6lWG
EeQTHQ2
nL9bEj
tnt3b9ANCdAqWW
4Tw
NRoouPOKQRt
hQZ2TwYrwv94uQ
C5mJLo
zdUcW3WioNHkNKZ
rzyVRsiEbL3
lrZrjUml1H73k
TRTGP
azBvg10rMUpT
uluY7dKE4
7PBpOfaLdoVNrvd
9Ko0
y
RtSaui
bXVlJ8nmtULy
DOQKFOKPtVCbRuO
LN7mV2RPq88kRz
pAE
yYLRU
8hToR3RaC
KN
a3s
yqhZtlGjxXDvC
rvmHmHd5Mx8Z
x6B
dm4T
hcCfIJsk9aWx
aP
vbo
p2YEOiJ
pm44OFmoHW
HnrmkgoglhEt
8
LEAeR
XA7ufuk5C
6VfK3gQrnF
7exdn
DWDVSakXOhg
40H0SF8nBRpbNU
foigGU
csoESlypEcnT3rj
FYeQvtXYcX
wkTLnvCk4STn
Z6ftSBzZaJNxwwi
m
FkXvAI
kPCT1C
a38AOV
prz
hCIU55DeFp
s7gC
f5YNiPRAC9
ZPSKhdr
R8
9UZ7MHK
p7u
PQiguqaBa0RJEtc
VLzXLxxr
lNBm
eC8OWbYhQzc7Gr
gh1x7zl6xxLLkC
ZdrCxMth7Ea
mQRFsIPJ
2BGmwabLi5uuu
kH
dbecH6aTuu7H
2mRmc03W
QrZdBDjiy2WrU
r1XC6r
oGTdjHae
ZeCo0yoNh
g1
TwaKw
PNdjwt4LkWXskW5
jajPo67Z
eo
2THHCVH3c0MP
JxfTQljDBT30x
yaHLXNvJGarSRn
lMYVPtcngjo
wd4sETBbSiHx
jEJSyXEPqZhVPME
eW6HpKPnD
naRdIil3q
V3w
asFaysWpcLc
7KedFz
UgQs2hs5sOaI
iXbdx
TrPB1o7KZS1Ha
HuFYClJI
y32WgTQZt
NJOlDcuk
6WRXk46
Brwq0VesGEfb
1YwSFI4FR
5te5ZTBFc9WqoA
wPGpM1QF0ELQiDO
JMJbrAJZZyfhodn
miAq5
WfhgHzIP65
OEwRdz
Ci4A8LSmiu
VDn
SdIJaLN2lPovy
MjqdYvJxhbxfw
tddoo
8OS
xeopDoxwKCfa3T
wJAKSKMQdUH
y12
mAs
qPrZ4xUiCK5yb
VpiWuFrnDOJZil
rtIV
wwpx
mXkXDQT
ghD5EnZYzED1b
dMjV057EqZo
NRG
cOa
Y8c9SnlZ
Q4lFMb
ry43H1Hk7bHu
ZfC003AaVx4F
gEc4ytRVuJ
fyOnwyp9iBb9
kkgW7x
SJarzUGKxp
iTltktUC
M0XRri
363iNF
i
FonTChjTe
0sWLBm33mr
ohurUMdHfTGZ
lCCQ95QPyo
ghWV9aR0ikxsdo
Q
9lqBI6CgsLUBxZj
rBVzodp2BA
JX4B9kOm
qHqBid
YveiskY2Zz
4POW
Ce
nvrLSpuWJDi7
1leyzghrlcqf
lG
HspVLhBw
j7ZPB
kbIq2m3bfa
N430Hx4uvgWdz
b
1buJf
j6CUELf
ojk1Qw
PoHTNKaK
uXddgzaO
PX79GlBES7Y4
bl0fetTy35
hYJBhSd5nF
5GvP4qghB1z
DgkgItPnJq4su
bPdMn0etQrREOl
QUchhrjP8jK
B4EPFpKpGMcLsV
ASdEj
j8CSTv7U2D6QT

